TN:
SF:src\modules\appointments\services\CreateAppointmentService.ts
FN:85,__decorate
FN:85,__metadata
FN:85,__param
FN:85,__awaiter
FN:85,adopt
FN:85,fulfilled
FN:85,rejected
FN:85,step
FN:85,__generator
FN:85,sent
FN:85,g.<computed>
FN:85,verb
FN:85,step
FN:85,__importDefault
FN:17,CreateAppointmentService
FN:29,CreateAppointmentService.execute
FNF:16
FNH:14
FNDA:1,__decorate
FNDA:1,__metadata
FNDA:3,__param
FNDA:6,__awaiter
FNDA:4,adopt
FNDA:4,fulfilled
FNDA:0,rejected
FNDA:5,step
FNDA:6,__generator
FNDA:4,sent
FNDA:0,g.<computed>
FNDA:18,verb
FNDA:10,step
FNDA:1,__importDefault
FNDA:5,CreateAppointmentService
FNDA:6,CreateAppointmentService.execute
DA:1,1
DA:2,1
DA:3,1
DA:4,1
DA:5,1
DA:6,1
DA:7,1
DA:8,1
DA:9,1
DA:10,1
DA:11,1
DA:12,1
DA:13,1
DA:14,1
DA:15,1
DA:16,1
DA:17,1
DA:18,5
DA:19,5
DA:20,5
DA:21,5
DA:22,5
DA:23,5
DA:24,5
DA:25,5
DA:26,5
DA:27,1
DA:28,1
DA:29,1
DA:30,6
DA:31,6
DA:32,6
DA:33,6
DA:34,6
DA:35,6
DA:36,6
DA:37,6
DA:38,6
DA:39,4
DA:40,4
DA:41,4
DA:42,2
DA:43,6
DA:44,1
DA:45,1
DA:46,1
DA:47,1
DA:48,6
DA:49,0
DA:50,0
DA:51,0
DA:52,0
DA:53,1
DA:54,1
DA:55,1
DA:56,1
DA:57,6
DA:58,6
DA:59,0
DA:60,0
DA:61,0
DA:62,6
DA:63,6
DA:64,6
DA:65,6
DA:66,6
DA:67,6
DA:68,6
DA:69,6
DA:70,6
DA:71,6
DA:72,6
DA:73,6
DA:74,6
DA:75,6
DA:76,6
DA:77,6
DA:78,6
DA:79,6
DA:80,6
DA:81,6
DA:82,6
DA:83,6
DA:84,1
DA:85,1
LF:85
LH:78
BRDA:85,0,0,1
BRDA:85,1,0,1
BRDA:85,2,0,0
BRDA:85,3,0,0
BRDA:85,4,0,0
BRDA:85,5,0,0
BRDA:85,6,0,1
BRDA:85,7,0,3
BRDA:85,8,0,3
BRDA:85,9,0,6
BRDA:85,10,0,4
BRDA:85,11,0,0
BRDA:85,12,0,6
BRDA:85,13,0,4
BRDA:85,14,0,0
BRDA:85,15,0,5
BRDA:85,16,0,1
BRDA:85,17,0,4
BRDA:85,18,0,6
BRDA:85,19,0,4
BRDA:85,20,0,0
BRDA:85,21,0,18
BRDA:85,22,0,10
BRDA:85,23,0,10
BRDA:85,24,0,0
BRDA:85,25,0,20
BRDA:85,26,0,0
BRDA:85,27,0,0
BRDA:85,28,0,0
BRDA:85,29,0,0
BRDA:85,30,0,10
BRDA:85,31,0,10
BRDA:85,32,0,4
BRDA:85,33,0,0
BRDA:85,34,0,0
BRDA:85,35,0,6
BRDA:85,36,0,0
BRDA:85,37,0,1
BRDA:85,38,0,0
BRDA:85,39,0,0
BRDA:85,40,0,0
BRDA:85,41,0,0
BRDA:85,42,0,10
BRDA:85,43,0,5
BRDA:85,44,0,10
BRDA:85,45,0,6
BRDA:85,46,0,5
BRDA:85,47,0,1
BRDA:85,48,0,0
BRDA:85,49,0,1
BRDA:85,50,0,0
BRDA:16,51,0,1
BRDA:17,52,0,5
BRDA:29,53,0,6
BRDA:85,54,0,6
BRDA:85,55,0,10
BRDA:85,56,0,6
BRDA:38,57,0,4
BRDA:41,58,0,2
BRDA:43,59,0,1
BRDA:48,60,0,0
BRDA:52,61,0,1
BRDA:85,62,0,1
BRDA:58,63,0,0
BRDA:85,64,0,1
BRDA:85,65,0,1
BRDA:85,66,0,1
BRF:67
BRH:44
end_of_record
TN:
SF:src\modules\appointments\services\ListProviderAppointmentsService.ts
FN:56,__decorate
FN:56,__metadata
FN:56,__param
FN:56,__awaiter
FN:56,adopt
FN:56,fulfilled
FN:56,rejected
FN:56,step
FN:56,__generator
FN:56,sent
FN:56,g.<computed>
FN:56,verb
FN:56,step
FN:17,ListProviderAppointmentsService
FN:25,ListProviderAppointmentsService.execute
FNF:15
FNH:13
FNDA:1,__decorate
FNDA:1,__metadata
FNDA:2,__param
FNDA:1,__awaiter
FNDA:3,adopt
FNDA:3,fulfilled
FNDA:0,rejected
FNDA:4,step
FNDA:1,__generator
FNDA:3,sent
FNDA:0,g.<computed>
FNDA:3,verb
FNDA:4,step
FNDA:1,ListProviderAppointmentsService
FNDA:1,ListProviderAppointmentsService.execute
DA:1,1
DA:2,1
DA:3,1
DA:4,1
DA:5,1
DA:6,1
DA:7,1
DA:8,1
DA:9,1
DA:10,1
DA:11,1
DA:12,1
DA:13,1
DA:14,1
DA:15,1
DA:16,1
DA:17,1
DA:18,1
DA:19,1
DA:20,1
DA:21,1
DA:22,1
DA:23,1
DA:24,1
DA:25,1
DA:26,1
DA:27,1
DA:28,1
DA:29,1
DA:30,1
DA:31,1
DA:32,1
DA:33,1
DA:34,1
DA:35,1
DA:36,1
DA:37,1
DA:38,1
DA:39,1
DA:40,1
DA:41,1
DA:42,1
DA:43,1
DA:44,1
DA:45,1
DA:46,1
DA:47,1
DA:48,1
DA:49,1
DA:50,1
DA:51,1
DA:52,1
DA:53,1
DA:54,1
DA:55,1
DA:56,1
LF:56
LH:56
BRDA:56,0,0,1
BRDA:56,1,0,1
BRDA:56,2,0,0
BRDA:56,3,0,0
BRDA:56,4,0,0
BRDA:56,5,0,0
BRDA:56,6,0,1
BRDA:56,7,0,2
BRDA:56,8,0,2
BRDA:56,9,0,1
BRDA:56,10,0,3
BRDA:56,11,0,0
BRDA:56,12,0,1
BRDA:56,13,0,3
BRDA:56,14,0,0
BRDA:56,15,0,4
BRDA:56,16,0,1
BRDA:56,17,0,3
BRDA:56,18,0,1
BRDA:56,19,0,3
BRDA:56,20,0,0
BRDA:56,21,0,3
BRDA:56,22,0,4
BRDA:56,23,0,4
BRDA:56,24,0,0
BRDA:56,25,0,8
BRDA:56,26,0,0
BRDA:56,27,0,0
BRDA:56,28,0,0
BRDA:56,29,0,0
BRDA:56,30,0,4
BRDA:56,31,0,4
BRDA:56,32,0,3
BRDA:56,33,0,0
BRDA:56,34,0,0
BRDA:56,35,0,1
BRDA:56,36,0,0
BRDA:56,37,0,0
BRDA:56,38,0,0
BRDA:56,39,0,0
BRDA:56,40,0,0
BRDA:56,41,0,4
BRDA:56,42,0,0
BRDA:56,43,0,4
BRDA:56,44,0,1
BRDA:56,45,0,0
BRDA:56,46,0,1
BRDA:56,47,0,0
BRDA:16,48,0,1
BRDA:17,49,0,1
BRDA:25,50,0,1
BRDA:56,51,0,1
BRDA:56,52,0,4
BRDA:56,53,0,1
BRDA:56,54,0,1
BRDA:37,55,0,0
BRDA:56,56,0,1
BRDA:56,57,0,1
BRDA:56,58,0,1
BRF:59
BRH:36
end_of_record
TN:
SF:src\modules\appointments\services\ListProviderDayAvailabilityService.ts
FN:69,__decorate
FN:69,__metadata
FN:69,__param
FN:69,__awaiter
FN:69,adopt
FN:69,fulfilled
FN:69,rejected
FN:69,step
FN:69,__generator
FN:69,sent
FN:69,g.<computed>
FN:69,verb
FN:69,step
FN:22,ListProviderDayAvailabilityService
FN:27,ListProviderDayAvailabilityService.execute
FNF:15
FNH:13
FNDA:1,__decorate
FNDA:1,__metadata
FNDA:1,__param
FNDA:1,__awaiter
FNDA:1,adopt
FNDA:1,fulfilled
FNDA:0,rejected
FNDA:2,step
FNDA:1,__generator
FNDA:1,sent
FNDA:0,g.<computed>
FNDA:3,verb
FNDA:2,step
FNDA:1,ListProviderDayAvailabilityService
FNDA:1,ListProviderDayAvailabilityService.execute
DA:1,1
DA:2,1
DA:3,1
DA:4,1
DA:5,1
DA:6,1
DA:7,1
DA:8,1
DA:9,1
DA:10,1
DA:11,1
DA:12,1
DA:13,1
DA:14,1
DA:15,1
DA:16,1
DA:17,1
DA:18,1
DA:19,1
DA:20,1
DA:21,1
DA:22,1
DA:23,1
DA:24,1
DA:25,1
DA:26,1
DA:27,1
DA:28,1
DA:29,1
DA:30,1
DA:31,1
DA:32,1
DA:33,1
DA:34,1
DA:35,1
DA:36,1
DA:37,1
DA:38,1
DA:39,1
DA:40,1
DA:41,1
DA:42,1
DA:43,1
DA:44,1
DA:45,1
DA:46,1
DA:47,1
DA:48,1
DA:49,1
DA:50,1
DA:51,1
DA:52,1
DA:53,10
DA:54,10
DA:55,10
DA:56,10
DA:57,10
DA:58,10
DA:59,10
DA:60,10
DA:61,10
DA:62,10
DA:63,10
DA:64,1
DA:65,1
DA:66,1
DA:67,1
DA:68,1
DA:69,1
LF:69
LH:69
BRDA:69,0,0,1
BRDA:69,1,0,1
BRDA:69,2,0,0
BRDA:69,3,0,0
BRDA:69,4,0,0
BRDA:69,5,0,0
BRDA:69,6,0,1
BRDA:69,7,0,1
BRDA:69,8,0,1
BRDA:69,9,0,1
BRDA:69,10,0,1
BRDA:69,11,0,0
BRDA:69,12,0,1
BRDA:69,13,0,1
BRDA:69,14,0,0
BRDA:69,15,0,2
BRDA:69,16,0,1
BRDA:69,17,0,1
BRDA:69,18,0,1
BRDA:69,19,0,1
BRDA:69,20,0,0
BRDA:69,21,0,3
BRDA:69,22,0,2
BRDA:69,23,0,2
BRDA:69,24,0,0
BRDA:69,25,0,4
BRDA:69,26,0,0
BRDA:69,27,0,0
BRDA:69,28,0,0
BRDA:69,29,0,0
BRDA:69,30,0,2
BRDA:69,31,0,2
BRDA:69,32,0,1
BRDA:69,33,0,0
BRDA:69,34,0,0
BRDA:69,35,0,1
BRDA:69,36,0,0
BRDA:69,37,0,0
BRDA:69,38,0,0
BRDA:69,39,0,0
BRDA:69,40,0,0
BRDA:69,41,0,2
BRDA:69,42,0,0
BRDA:69,43,0,2
BRDA:69,44,0,1
BRDA:69,45,0,0
BRDA:69,46,0,1
BRDA:69,47,0,0
BRDA:21,48,0,1
BRDA:22,49,0,1
BRDA:27,50,0,1
BRDA:69,51,0,1
BRDA:69,52,0,2
BRDA:33,53,0,1
BRDA:69,54,0,1
BRDA:47,55,0,10
BRDA:52,56,0,10
BRDA:62,57,0,8
BRDA:55,58,0,19
BRF:59
BRH:37
end_of_record
TN:
SF:src\modules\appointments\services\ListProviderMonthAvailabilityService.ts
FN:62,__decorate
FN:62,__metadata
FN:62,__param
FN:62,__awaiter
FN:62,adopt
FN:62,fulfilled
FN:62,rejected
FN:62,step
FN:62,__generator
FN:62,sent
FN:62,g.<computed>
FN:62,verb
FN:62,step
FN:21,ListProviderMonthAvailabilityService
FN:26,ListProviderMonthAvailabilityService.execute
FNF:15
FNH:13
FNDA:1,__decorate
FNDA:1,__metadata
FNDA:1,__param
FNDA:1,__awaiter
FNDA:1,adopt
FNDA:1,fulfilled
FNDA:0,rejected
FNDA:2,step
FNDA:1,__generator
FNDA:1,sent
FNDA:0,g.<computed>
FNDA:3,verb
FNDA:2,step
FNDA:1,ListProviderMonthAvailabilityService
FNDA:1,ListProviderMonthAvailabilityService.execute
DA:1,1
DA:2,1
DA:3,1
DA:4,1
DA:5,1
DA:6,1
DA:7,1
DA:8,1
DA:9,1
DA:10,1
DA:11,1
DA:12,1
DA:13,1
DA:14,1
DA:15,1
DA:16,1
DA:17,1
DA:18,1
DA:19,1
DA:20,1
DA:21,1
DA:22,1
DA:23,1
DA:24,1
DA:25,1
DA:26,1
DA:27,1
DA:28,1
DA:29,1
DA:30,1
DA:31,1
DA:32,1
DA:33,1
DA:34,1
DA:35,1
DA:36,1
DA:37,1
DA:38,1
DA:39,1
DA:40,1
DA:41,1
DA:42,1
DA:43,1
DA:44,1
DA:45,1
DA:46,1
DA:47,1
DA:48,1
DA:49,31
DA:50,341
DA:51,31
DA:52,31
DA:53,31
DA:54,31
DA:55,31
DA:56,31
DA:57,1
DA:58,1
DA:59,1
DA:60,1
DA:61,1
DA:62,1
LF:62
LH:62
BRDA:62,0,0,1
BRDA:62,1,0,1
BRDA:62,2,0,0
BRDA:62,3,0,0
BRDA:62,4,0,0
BRDA:62,5,0,0
BRDA:62,6,0,1
BRDA:62,7,0,1
BRDA:62,8,0,1
BRDA:62,9,0,1
BRDA:62,10,0,1
BRDA:62,11,0,0
BRDA:62,12,0,1
BRDA:62,13,0,1
BRDA:62,14,0,0
BRDA:62,15,0,2
BRDA:62,16,0,1
BRDA:62,17,0,1
BRDA:62,18,0,1
BRDA:62,19,0,1
BRDA:62,20,0,0
BRDA:62,21,0,3
BRDA:62,22,0,2
BRDA:62,23,0,2
BRDA:62,24,0,0
BRDA:62,25,0,4
BRDA:62,26,0,0
BRDA:62,27,0,0
BRDA:62,28,0,0
BRDA:62,29,0,0
BRDA:62,30,0,2
BRDA:62,31,0,2
BRDA:62,32,0,1
BRDA:62,33,0,0
BRDA:62,34,0,0
BRDA:62,35,0,1
BRDA:62,36,0,0
BRDA:62,37,0,0
BRDA:62,38,0,0
BRDA:62,39,0,0
BRDA:62,40,0,0
BRDA:62,41,0,2
BRDA:62,42,0,0
BRDA:62,43,0,2
BRDA:62,44,0,1
BRDA:62,45,0,0
BRDA:62,46,0,1
BRDA:62,47,0,0
BRDA:20,48,0,1
BRDA:21,49,0,1
BRDA:26,50,0,1
BRDA:62,51,0,1
BRDA:62,52,0,2
BRDA:32,53,0,1
BRDA:62,54,0,1
BRDA:44,55,0,31
BRDA:48,56,0,31
BRDA:49,57,0,341
BRF:58
BRH:36
end_of_record
TN:
SF:src\modules\appointments\services\ListProvidersService.ts
FN:38,__decorate
FN:38,__metadata
FN:38,__param
FN:38,__awaiter
FN:38,adopt
FN:38,fulfilled
FN:38,rejected
FN:38,step
FN:38,__generator
FN:38,sent
FN:38,g.<computed>
FN:38,verb
FN:38,step
FN:13,ListProvidersService
FN:21,ListProvidersService.execute
FNF:15
FNH:13
FNDA:1,__decorate
FNDA:1,__metadata
FNDA:2,__param
FNDA:1,__awaiter
FNDA:3,adopt
FNDA:3,fulfilled
FNDA:0,rejected
FNDA:4,step
FNDA:1,__generator
FNDA:3,sent
FNDA:0,g.<computed>
FNDA:3,verb
FNDA:4,step
FNDA:1,ListProvidersService
FNDA:1,ListProvidersService.execute
DA:1,1
DA:2,1
DA:3,1
DA:4,1
DA:5,1
DA:6,1
DA:7,1
DA:8,1
DA:9,1
DA:10,1
DA:11,1
DA:12,1
DA:13,1
DA:14,1
DA:15,1
DA:16,1
DA:17,1
DA:18,1
DA:19,1
DA:20,1
DA:21,1
DA:22,1
DA:23,1
DA:24,1
DA:25,1
DA:26,1
DA:27,1
DA:28,1
DA:29,1
DA:30,1
DA:31,1
DA:32,1
DA:33,1
DA:34,1
DA:35,1
DA:36,1
DA:37,1
DA:38,1
LF:38
LH:38
BRDA:38,0,0,1
BRDA:38,1,0,1
BRDA:38,2,0,0
BRDA:38,3,0,0
BRDA:38,4,0,0
BRDA:38,5,0,0
BRDA:38,6,0,1
BRDA:38,7,0,2
BRDA:38,8,0,2
BRDA:38,9,0,1
BRDA:38,10,0,3
BRDA:38,11,0,0
BRDA:38,12,0,1
BRDA:38,13,0,3
BRDA:38,14,0,0
BRDA:38,15,0,4
BRDA:38,16,0,1
BRDA:38,17,0,3
BRDA:38,18,0,1
BRDA:38,19,0,3
BRDA:38,20,0,0
BRDA:38,21,0,3
BRDA:38,22,0,4
BRDA:38,23,0,4
BRDA:38,24,0,0
BRDA:38,25,0,8
BRDA:38,26,0,0
BRDA:38,27,0,0
BRDA:38,28,0,0
BRDA:38,29,0,0
BRDA:38,30,0,4
BRDA:38,31,0,4
BRDA:38,32,0,3
BRDA:38,33,0,0
BRDA:38,34,0,0
BRDA:38,35,0,1
BRDA:38,36,0,0
BRDA:38,37,0,0
BRDA:38,38,0,0
BRDA:38,39,0,0
BRDA:38,40,0,0
BRDA:38,41,0,4
BRDA:38,42,0,0
BRDA:38,43,0,4
BRDA:38,44,0,1
BRDA:38,45,0,0
BRDA:38,46,0,1
BRDA:38,47,0,0
BRDA:12,48,0,1
BRDA:13,49,0,1
BRDA:21,50,0,1
BRDA:38,51,0,1
BRDA:38,52,0,4
BRDA:22,53,0,1
BRDA:38,54,0,1
BRDA:26,55,0,0
BRDA:38,56,0,1
BRDA:38,57,0,1
BRDA:35,58,0,1
BRF:59
BRH:36
end_of_record
TN:
SF:src\modules\users\services\AuthenticateUserService.ts
FN:62,__decorate
FN:62,__metadata
FN:62,__param
FN:62,__awaiter
FN:62,adopt
FN:62,fulfilled
FN:62,rejected
FN:62,step
FN:62,__generator
FN:62,sent
FN:62,g.<computed>
FN:62,verb
FN:62,step
FN:62,__importDefault
FN:23,AuthenticateUserService
FN:31,AuthenticateUserService.execute
FNF:16
FNH:14
FNDA:1,__decorate
FNDA:1,__metadata
FNDA:2,__param
FNDA:3,__awaiter
FNDA:5,adopt
FNDA:5,fulfilled
FNDA:0,rejected
FNDA:6,step
FNDA:3,__generator
FNDA:5,sent
FNDA:0,g.<computed>
FNDA:9,verb
FNDA:8,step
FNDA:2,__importDefault
FNDA:3,AuthenticateUserService
FNDA:3,AuthenticateUserService.execute
DA:1,1
DA:2,1
DA:3,1
DA:4,1
DA:5,1
DA:6,1
DA:7,1
DA:8,1
DA:9,1
DA:10,1
DA:11,1
DA:12,1
DA:13,1
DA:14,1
DA:15,1
DA:16,1
DA:17,1
DA:18,1
DA:19,1
DA:20,1
DA:21,1
DA:22,1
DA:23,1
DA:24,3
DA:25,3
DA:26,3
DA:27,3
DA:28,3
DA:29,3
DA:30,1
DA:31,1
DA:32,3
DA:33,3
DA:34,3
DA:35,3
DA:36,1
DA:37,1
DA:38,2
DA:39,2
DA:40,2
DA:41,2
DA:42,2
DA:43,2
DA:44,3
DA:45,3
DA:46,1
DA:47,1
DA:48,1
DA:49,1
DA:50,1
DA:51,1
DA:52,1
DA:53,1
DA:54,1
DA:55,1
DA:56,1
DA:57,1
DA:58,1
DA:59,1
DA:60,3
DA:61,1
DA:62,1
LF:62
LH:62
BRDA:62,0,0,1
BRDA:62,1,0,1
BRDA:62,2,0,0
BRDA:62,3,0,0
BRDA:62,4,0,0
BRDA:62,5,0,0
BRDA:62,6,0,1
BRDA:62,7,0,2
BRDA:62,8,0,2
BRDA:62,9,0,3
BRDA:62,10,0,5
BRDA:62,11,0,0
BRDA:62,12,0,3
BRDA:62,13,0,5
BRDA:62,14,0,3
BRDA:62,15,0,2
BRDA:62,16,0,6
BRDA:62,17,0,1
BRDA:62,18,0,5
BRDA:62,19,0,3
BRDA:62,20,0,5
BRDA:62,21,0,0
BRDA:62,22,0,9
BRDA:62,23,0,8
BRDA:62,24,0,8
BRDA:62,25,0,0
BRDA:62,26,0,16
BRDA:62,27,0,0
BRDA:62,28,0,0
BRDA:62,29,0,0
BRDA:62,30,0,0
BRDA:62,31,0,8
BRDA:62,32,0,8
BRDA:62,33,0,5
BRDA:62,34,0,0
BRDA:62,35,0,0
BRDA:62,36,0,3
BRDA:62,37,0,0
BRDA:62,38,0,1
BRDA:62,39,0,0
BRDA:62,40,0,0
BRDA:62,41,0,0
BRDA:62,42,0,0
BRDA:62,43,0,8
BRDA:62,44,0,6
BRDA:62,45,0,2
BRDA:62,46,0,8
BRDA:62,47,0,3
BRDA:62,48,0,2
BRDA:62,49,0,1
BRDA:62,50,0,0
BRDA:62,51,0,2
BRDA:62,52,0,0
BRDA:22,53,0,1
BRDA:23,54,0,3
BRDA:31,55,0,3
BRDA:62,56,0,3
BRDA:62,57,0,8
BRDA:33,58,0,3
BRDA:62,59,0,3
BRDA:35,60,0,1
BRDA:37,61,0,2
BRDA:62,62,0,2
BRDA:45,63,0,1
BRF:64
BRH:44
end_of_record
TN:
SF:src\modules\users\services\CreateUserService.ts
FN:52,__decorate
FN:52,__metadata
FN:52,__param
FN:52,__awaiter
FN:52,adopt
FN:52,fulfilled
FN:52,rejected
FN:52,step
FN:52,__generator
FN:52,sent
FN:52,g.<computed>
FN:52,verb
FN:52,step
FN:52,__importDefault
FN:18,CreateUserService
FN:29,CreateUserService.execute
FNF:16
FNH:14
FNDA:1,__decorate
FNDA:1,__metadata
FNDA:3,__param
FNDA:3,__awaiter
FNDA:9,adopt
FNDA:9,fulfilled
FNDA:0,rejected
FNDA:11,step
FNDA:3,__generator
FNDA:9,sent
FNDA:0,g.<computed>
FNDA:9,verb
FNDA:12,step
FNDA:1,__importDefault
FNDA:2,CreateUserService
FNDA:3,CreateUserService.execute
DA:1,1
DA:2,1
DA:3,1
DA:4,1
DA:5,1
DA:6,1
DA:7,1
DA:8,1
DA:9,1
DA:10,1
DA:11,1
DA:12,1
DA:13,1
DA:14,1
DA:15,1
DA:16,1
DA:17,1
DA:18,1
DA:19,2
DA:20,2
DA:21,2
DA:22,2
DA:23,2
DA:24,2
DA:25,2
DA:26,2
DA:27,2
DA:28,1
DA:29,1
DA:30,3
DA:31,3
DA:32,3
DA:33,3
DA:34,1
DA:35,1
DA:36,2
DA:37,3
DA:38,3
DA:39,3
DA:40,3
DA:41,3
DA:42,3
DA:43,3
DA:44,3
DA:45,3
DA:46,3
DA:47,3
DA:48,3
DA:49,3
DA:50,3
DA:51,1
DA:52,1
LF:52
LH:52
BRDA:52,0,0,1
BRDA:52,1,0,1
BRDA:52,2,0,0
BRDA:52,3,0,0
BRDA:52,4,0,0
BRDA:52,5,0,0
BRDA:52,6,0,1
BRDA:52,7,0,3
BRDA:52,8,0,3
BRDA:52,9,0,3
BRDA:52,10,0,9
BRDA:52,11,0,0
BRDA:52,12,0,3
BRDA:52,13,0,9
BRDA:52,14,0,8
BRDA:52,15,0,1
BRDA:52,16,0,11
BRDA:52,17,0,2
BRDA:52,18,0,9
BRDA:52,19,0,3
BRDA:52,20,0,9
BRDA:52,21,0,0
BRDA:52,22,0,9
BRDA:52,23,0,12
BRDA:52,24,0,12
BRDA:52,25,0,0
BRDA:52,26,0,24
BRDA:52,27,0,0
BRDA:52,28,0,0
BRDA:52,29,0,0
BRDA:52,30,0,0
BRDA:52,31,0,12
BRDA:52,32,0,12
BRDA:52,33,0,9
BRDA:52,34,0,0
BRDA:52,35,0,0
BRDA:52,36,0,3
BRDA:52,37,0,0
BRDA:52,38,0,2
BRDA:52,39,0,0
BRDA:52,40,0,0
BRDA:52,41,0,0
BRDA:52,42,0,0
BRDA:52,43,0,12
BRDA:52,44,0,11
BRDA:52,45,0,1
BRDA:52,46,0,12
BRDA:52,47,0,3
BRDA:52,48,0,1
BRDA:52,49,0,2
BRDA:52,50,0,0
BRDA:52,51,0,1
BRDA:52,52,0,0
BRDA:17,53,0,1
BRDA:18,54,0,2
BRDA:29,55,0,3
BRDA:52,56,0,3
BRDA:52,57,0,12
BRDA:31,58,0,3
BRDA:52,59,0,3
BRDA:33,60,0,1
BRDA:35,61,0,2
BRDA:52,62,0,2
BRDA:52,63,0,2
BRDA:52,64,0,2
BRF:65
BRH:45
end_of_record
TN:
SF:src\modules\users\services\ResetPasswordService.ts
FN:53,__decorate
FN:53,__metadata
FN:53,__param
FN:53,__awaiter
FN:53,adopt
FN:53,fulfilled
FN:53,rejected
FN:53,step
FN:53,__generator
FN:53,sent
FN:53,g.<computed>
FN:53,verb
FN:53,step
FN:53,__importDefault
FN:18,ResetPasswordService
FN:29,ResetPasswordService.execute
FNF:16
FNH:14
FNDA:1,__decorate
FNDA:1,__metadata
FNDA:3,__param
FNDA:4,__awaiter
FNDA:8,adopt
FNDA:8,fulfilled
FNDA:0,rejected
FNDA:9,step
FNDA:4,__generator
FNDA:8,sent
FNDA:0,g.<computed>
FNDA:12,verb
FNDA:12,step
FNDA:1,__importDefault
FNDA:4,ResetPasswordService
FNDA:4,ResetPasswordService.execute
DA:1,1
DA:2,1
DA:3,1
DA:4,1
DA:5,1
DA:6,1
DA:7,1
DA:8,1
DA:9,1
DA:10,1
DA:11,1
DA:12,1
DA:13,1
DA:14,1
DA:15,1
DA:16,1
DA:17,1
DA:18,1
DA:19,4
DA:20,4
DA:21,4
DA:22,4
DA:23,4
DA:24,4
DA:25,4
DA:26,4
DA:27,4
DA:28,1
DA:29,1
DA:30,4
DA:31,4
DA:32,4
DA:33,2
DA:34,2
DA:35,2
DA:36,4
DA:37,4
DA:38,0
DA:39,0
DA:40,4
DA:41,4
DA:42,4
DA:43,4
DA:44,4
DA:45,4
DA:46,1
DA:47,1
DA:48,1
DA:49,1
DA:50,4
DA:51,4
DA:52,1
DA:53,1
LF:53
LH:51
BRDA:53,0,0,1
BRDA:53,1,0,1
BRDA:53,2,0,0
BRDA:53,3,0,0
BRDA:53,4,0,0
BRDA:53,5,0,0
BRDA:53,6,0,1
BRDA:53,7,0,3
BRDA:53,8,0,3
BRDA:53,9,0,4
BRDA:53,10,0,8
BRDA:53,11,0,0
BRDA:53,12,0,4
BRDA:53,13,0,8
BRDA:53,14,0,5
BRDA:53,15,0,3
BRDA:53,16,0,9
BRDA:53,17,0,1
BRDA:53,18,0,8
BRDA:53,19,0,4
BRDA:53,20,0,8
BRDA:53,21,0,0
BRDA:53,22,0,12
BRDA:53,23,0,12
BRDA:53,24,0,12
BRDA:53,25,0,0
BRDA:53,26,0,24
BRDA:53,27,0,0
BRDA:53,28,0,0
BRDA:53,29,0,0
BRDA:53,30,0,0
BRDA:53,31,0,12
BRDA:53,32,0,12
BRDA:53,33,0,8
BRDA:53,34,0,0
BRDA:53,35,0,0
BRDA:53,36,0,4
BRDA:53,37,0,0
BRDA:53,38,0,1
BRDA:53,39,0,0
BRDA:53,40,0,0
BRDA:53,41,0,0
BRDA:53,42,0,0
BRDA:53,43,0,12
BRDA:53,44,0,9
BRDA:53,45,0,3
BRDA:53,46,0,12
BRDA:53,47,0,4
BRDA:53,48,0,3
BRDA:53,49,0,1
BRDA:53,50,0,0
BRDA:53,51,0,1
BRDA:53,52,0,0
BRDA:17,53,0,1
BRDA:18,54,0,4
BRDA:29,55,0,4
BRDA:53,56,0,4
BRDA:53,57,0,12
BRDA:30,58,0,4
BRDA:53,59,0,4
BRDA:32,60,0,2
BRDA:53,61,0,2
BRDA:37,62,0,0
BRDA:45,63,0,1
BRDA:53,64,0,1
BRDA:53,65,0,1
BRF:66
BRH:45
end_of_record
TN:
SF:src\modules\users\services\SendForgotPasswordEmailService.ts
FN:60,__decorate
FN:60,__metadata
FN:60,__param
FN:60,__awaiter
FN:60,adopt
FN:60,fulfilled
FN:60,rejected
FN:60,step
FN:60,__generator
FN:60,sent
FN:60,g.<computed>
FN:60,verb
FN:60,step
FN:60,__importDefault
FN:16,SendForgotPasswordEmailService
FN:27,SendForgotPasswordEmailService.execute
FNF:16
FNH:14
FNDA:1,__decorate
FNDA:1,__metadata
FNDA:3,__param
FNDA:3,__awaiter
FNDA:7,adopt
FNDA:7,fulfilled
FNDA:0,rejected
FNDA:9,step
FNDA:3,__generator
FNDA:7,sent
FNDA:0,g.<computed>
FNDA:9,verb
FNDA:10,step
FNDA:2,__importDefault
FNDA:3,SendForgotPasswordEmailService
FNDA:3,SendForgotPasswordEmailService.execute
DA:1,1
DA:2,1
DA:3,1
DA:4,1
DA:5,1
DA:6,1
DA:7,1
DA:8,1
DA:9,1
DA:10,1
DA:11,1
DA:12,1
DA:13,1
DA:14,1
DA:15,1
DA:16,1
DA:17,3
DA:18,3
DA:19,3
DA:20,3
DA:21,3
DA:22,3
DA:23,3
DA:24,3
DA:25,3
DA:26,1
DA:27,1
DA:28,3
DA:29,3
DA:30,3
DA:31,1
DA:32,1
DA:33,2
DA:34,2
DA:35,3
DA:36,3
DA:37,3
DA:38,3
DA:39,3
DA:40,3
DA:41,3
DA:42,3
DA:43,3
DA:44,3
DA:45,3
DA:46,3
DA:47,3
DA:48,3
DA:49,3
DA:50,3
DA:51,3
DA:52,3
DA:53,3
DA:54,3
DA:55,3
DA:56,3
DA:57,3
DA:58,3
DA:59,1
DA:60,1
LF:60
LH:60
BRDA:60,0,0,1
BRDA:60,1,0,1
BRDA:60,2,0,0
BRDA:60,3,0,0
BRDA:60,4,0,0
BRDA:60,5,0,0
BRDA:60,6,0,1
BRDA:60,7,0,3
BRDA:60,8,0,3
BRDA:60,9,0,3
BRDA:60,10,0,7
BRDA:60,11,0,0
BRDA:60,12,0,3
BRDA:60,13,0,7
BRDA:60,14,0,6
BRDA:60,15,0,1
BRDA:60,16,0,9
BRDA:60,17,0,2
BRDA:60,18,0,7
BRDA:60,19,0,3
BRDA:60,20,0,7
BRDA:60,21,0,0
BRDA:60,22,0,9
BRDA:60,23,0,10
BRDA:60,24,0,10
BRDA:60,25,0,0
BRDA:60,26,0,20
BRDA:60,27,0,0
BRDA:60,28,0,0
BRDA:60,29,0,0
BRDA:60,30,0,0
BRDA:60,31,0,10
BRDA:60,32,0,10
BRDA:60,33,0,7
BRDA:60,34,0,0
BRDA:60,35,0,0
BRDA:60,36,0,3
BRDA:60,37,0,0
BRDA:60,38,0,2
BRDA:60,39,0,0
BRDA:60,40,0,0
BRDA:60,41,0,0
BRDA:60,42,0,0
BRDA:60,43,0,10
BRDA:60,44,0,9
BRDA:60,45,0,1
BRDA:60,46,0,10
BRDA:60,47,0,3
BRDA:60,48,0,1
BRDA:60,49,0,2
BRDA:60,50,0,0
BRDA:60,51,0,2
BRDA:60,52,0,1
BRDA:60,53,0,1
BRDA:15,54,0,1
BRDA:16,55,0,3
BRDA:27,56,0,3
BRDA:60,57,0,3
BRDA:60,58,0,10
BRDA:28,59,0,3
BRDA:60,60,0,3
BRDA:30,61,0,1
BRDA:32,62,0,2
BRDA:60,63,0,2
BRDA:60,64,0,2
BRF:65
BRH:46
end_of_record
TN:
SF:src\modules\users\services\ShowProfileService.ts
FN:29,__decorate
FN:29,__metadata
FN:29,__param
FN:29,__awaiter
FN:29,adopt
FN:29,fulfilled
FN:29,rejected
FN:29,step
FN:29,__generator
FN:29,sent
FN:29,g.<computed>
FN:29,verb
FN:29,step
FN:29,__importDefault
FN:14,ShowProfileService
FN:19,ShowProfileService.execute
FNF:16
FNH:14
FNDA:1,__decorate
FNDA:1,__metadata
FNDA:1,__param
FNDA:2,__awaiter
FNDA:2,adopt
FNDA:2,fulfilled
FNDA:0,rejected
FNDA:3,step
FNDA:2,__generator
FNDA:2,sent
FNDA:0,g.<computed>
FNDA:6,verb
FNDA:4,step
FNDA:1,__importDefault
FNDA:2,ShowProfileService
FNDA:2,ShowProfileService.execute
DA:1,1
DA:2,1
DA:3,1
DA:4,1
DA:5,1
DA:6,1
DA:7,1
DA:8,1
DA:9,1
DA:10,1
DA:11,1
DA:12,1
DA:13,1
DA:14,1
DA:15,2
DA:16,2
DA:17,2
DA:18,1
DA:19,1
DA:20,2
DA:21,2
DA:22,2
DA:23,1
DA:24,1
DA:25,1
DA:26,1
DA:27,2
DA:28,1
DA:29,1
LF:29
LH:29
BRDA:29,0,0,1
BRDA:29,1,0,1
BRDA:29,2,0,0
BRDA:29,3,0,0
BRDA:29,4,0,0
BRDA:29,5,0,0
BRDA:29,6,0,1
BRDA:29,7,0,1
BRDA:29,8,0,1
BRDA:29,9,0,2
BRDA:29,10,0,2
BRDA:29,11,0,0
BRDA:29,12,0,2
BRDA:29,13,0,2
BRDA:29,14,0,1
BRDA:29,15,0,3
BRDA:29,16,0,1
BRDA:29,17,0,2
BRDA:29,18,0,2
BRDA:29,19,0,2
BRDA:29,20,0,0
BRDA:29,21,0,6
BRDA:29,22,0,4
BRDA:29,23,0,4
BRDA:29,24,0,0
BRDA:29,25,0,8
BRDA:29,26,0,0
BRDA:29,27,0,0
BRDA:29,28,0,0
BRDA:29,29,0,0
BRDA:29,30,0,4
BRDA:29,31,0,4
BRDA:29,32,0,2
BRDA:29,33,0,0
BRDA:29,34,0,0
BRDA:29,35,0,2
BRDA:29,36,0,0
BRDA:29,37,0,1
BRDA:29,38,0,0
BRDA:29,39,0,0
BRDA:29,40,0,0
BRDA:29,41,0,0
BRDA:29,42,0,4
BRDA:29,43,0,3
BRDA:29,44,0,1
BRDA:29,45,0,4
BRDA:29,46,0,2
BRDA:29,47,0,1
BRDA:29,48,0,0
BRDA:29,49,0,1
BRDA:29,50,0,0
BRDA:13,51,0,1
BRDA:14,52,0,2
BRDA:19,53,0,2
BRDA:29,54,0,2
BRDA:29,55,0,4
BRDA:20,56,0,2
BRDA:29,57,0,2
BRDA:22,58,0,1
BRF:59
BRH:39
end_of_record
TN:
SF:src\modules\users\services\UpdateProfileService.ts
FN:74,__decorate
FN:74,__metadata
FN:74,__param
FN:74,__awaiter
FN:74,adopt
FN:74,fulfilled
FN:74,rejected
FN:74,step
FN:74,__generator
FN:74,sent
FN:74,g.<computed>
FN:74,verb
FN:74,step
FN:74,__importDefault
FN:18,UpdateProfileService
FN:26,UpdateProfileService.execute
FNF:16
FNH:14
FNDA:1,__decorate
FNDA:1,__metadata
FNDA:2,__param
FNDA:6,__awaiter
FNDA:13,adopt
FNDA:13,fulfilled
FNDA:0,rejected
FNDA:15,step
FNDA:6,__generator
FNDA:13,sent
FNDA:0,g.<computed>
FNDA:18,verb
FNDA:19,step
FNDA:1,__importDefault
FNDA:2,UpdateProfileService
FNDA:6,UpdateProfileService.execute
DA:1,1
DA:2,1
DA:3,1
DA:4,1
DA:5,1
DA:6,1
DA:7,1
DA:8,1
DA:9,1
DA:10,1
DA:11,1
DA:12,1
DA:13,1
DA:14,1
DA:15,1
DA:16,1
DA:17,1
DA:18,1
DA:19,2
DA:20,2
DA:21,2
DA:22,2
DA:23,2
DA:24,2
DA:25,1
DA:26,1
DA:27,6
DA:28,6
DA:29,6
DA:30,6
DA:31,6
DA:32,6
DA:33,6
DA:34,6
DA:35,6
DA:36,1
DA:37,1
DA:38,5
DA:39,5
DA:40,5
DA:41,6
DA:42,6
DA:43,6
DA:44,3
DA:45,3
DA:46,2
DA:47,2
DA:48,2
DA:49,2
DA:50,2
DA:51,6
DA:52,0
DA:53,0
DA:54,0
DA:55,0
DA:56,2
DA:57,6
DA:58,1
DA:59,1
DA:60,1
DA:61,1
DA:62,1
DA:63,6
DA:64,0
DA:65,0
DA:66,6
DA:67,6
DA:68,6
DA:69,6
DA:70,6
DA:71,6
DA:72,6
DA:73,1
DA:74,1
LF:74
LH:68
BRDA:74,0,0,1
BRDA:74,1,0,1
BRDA:74,2,0,0
BRDA:74,3,0,0
BRDA:74,4,0,0
BRDA:74,5,0,0
BRDA:74,6,0,1
BRDA:74,7,0,2
BRDA:74,8,0,2
BRDA:74,9,0,6
BRDA:74,10,0,13
BRDA:74,11,0,0
BRDA:74,12,0,6
BRDA:74,13,0,13
BRDA:74,14,0,9
BRDA:74,15,0,4
BRDA:74,16,0,15
BRDA:74,17,0,2
BRDA:74,18,0,13
BRDA:74,19,0,6
BRDA:74,20,0,13
BRDA:74,21,0,0
BRDA:74,22,0,18
BRDA:74,23,0,19
BRDA:74,24,0,19
BRDA:74,25,0,0
BRDA:74,26,0,39
BRDA:74,27,0,0
BRDA:74,28,0,0
BRDA:74,29,0,0
BRDA:74,30,0,0
BRDA:74,31,0,19
BRDA:74,32,0,19
BRDA:74,33,0,13
BRDA:74,34,0,0
BRDA:74,35,0,0
BRDA:74,36,0,7
BRDA:74,37,0,0
BRDA:74,38,0,3
BRDA:74,39,0,6
BRDA:74,40,0,1
BRDA:74,41,0,0
BRDA:74,42,0,1
BRDA:74,43,0,0
BRDA:74,44,0,0
BRDA:74,45,0,0
BRDA:74,46,0,20
BRDA:74,47,0,16
BRDA:74,48,0,4
BRDA:74,49,0,20
BRDA:74,50,0,6
BRDA:74,51,0,4
BRDA:74,52,0,2
BRDA:74,53,0,0
BRDA:74,54,0,1
BRDA:74,55,0,0
BRDA:17,56,0,1
BRDA:18,57,0,2
BRDA:26,58,0,6
BRDA:74,59,0,6
BRDA:74,60,0,20
BRDA:33,61,0,6
BRDA:74,62,0,6
BRDA:35,63,0,1
BRDA:37,64,0,5
BRDA:74,65,0,5
BRDA:43,66,0,3
BRDA:43,67,0,3
BRDA:45,68,0,2
BRDA:51,69,0,1
BRDA:51,70,0,0
BRDA:55,71,0,2
BRDA:57,72,0,1
BRDA:57,73,0,1
BRDA:74,74,0,1
BRDA:63,75,0,0
BRDA:74,76,0,1
BRDA:71,77,0,2
BRF:78
BRH:56
end_of_record
TN:
SF:src\modules\users\services\UpdateUserAvatarService.ts
FN:45,__decorate
FN:45,__metadata
FN:45,__param
FN:45,__awaiter
FN:45,adopt
FN:45,fulfilled
FN:45,rejected
FN:45,step
FN:45,__generator
FN:45,sent
FN:45,g.<computed>
FN:45,verb
FN:45,step
FN:45,__importDefault
FN:18,UpdateUserAvatarService
FN:26,UpdateUserAvatarService.execute
FNF:16
FNH:14
FNDA:1,__decorate
FNDA:1,__metadata
FNDA:2,__param
FNDA:4,__awaiter
FNDA:11,adopt
FNDA:11,fulfilled
FNDA:0,rejected
FNDA:14,step
FNDA:4,__generator
FNDA:11,sent
FNDA:0,g.<computed>
FNDA:12,verb
FNDA:15,step
FNDA:1,__importDefault
FNDA:3,UpdateUserAvatarService
FNDA:4,UpdateUserAvatarService.execute
DA:1,1
DA:2,1
DA:3,1
DA:4,1
DA:5,1
DA:6,1
DA:7,1
DA:8,1
DA:9,1
DA:10,1
DA:11,1
DA:12,1
DA:13,1
DA:14,1
DA:15,1
DA:16,1
DA:17,1
DA:18,1
DA:19,3
DA:20,3
DA:21,3
DA:22,3
DA:23,3
DA:24,3
DA:25,1
DA:26,1
DA:27,4
DA:28,4
DA:29,4
DA:30,1
DA:31,1
DA:32,3
DA:33,3
DA:34,1
DA:35,1
DA:36,4
DA:37,4
DA:38,4
DA:39,4
DA:40,4
DA:41,4
DA:42,4
DA:43,4
DA:44,1
DA:45,1
LF:45
LH:45
BRDA:45,0,0,1
BRDA:45,1,0,1
BRDA:45,2,0,0
BRDA:45,3,0,0
BRDA:45,4,0,0
BRDA:45,5,0,0
BRDA:45,6,0,1
BRDA:45,7,0,2
BRDA:45,8,0,2
BRDA:45,9,0,4
BRDA:45,10,0,11
BRDA:45,11,0,0
BRDA:45,12,0,4
BRDA:45,13,0,11
BRDA:45,14,0,10
BRDA:45,15,0,1
BRDA:45,16,0,14
BRDA:45,17,0,3
BRDA:45,18,0,11
BRDA:45,19,0,4
BRDA:45,20,0,11
BRDA:45,21,0,0
BRDA:45,22,0,12
BRDA:45,23,0,15
BRDA:45,24,0,15
BRDA:45,25,0,0
BRDA:45,26,0,32
BRDA:45,27,0,0
BRDA:45,28,0,0
BRDA:45,29,0,0
BRDA:45,30,0,0
BRDA:45,31,0,15
BRDA:45,32,0,15
BRDA:45,33,0,11
BRDA:45,34,0,0
BRDA:45,35,0,0
BRDA:45,36,0,6
BRDA:45,37,0,0
BRDA:45,38,0,5
BRDA:45,39,0,4
BRDA:45,40,0,2
BRDA:45,41,0,0
BRDA:45,42,0,2
BRDA:45,43,0,0
BRDA:45,44,0,0
BRDA:45,45,0,0
BRDA:45,46,0,17
BRDA:45,47,0,16
BRDA:45,48,0,1
BRDA:45,49,0,17
BRDA:45,50,0,4
BRDA:45,51,0,1
BRDA:45,52,0,3
BRDA:45,53,0,0
BRDA:45,54,0,1
BRDA:45,55,0,0
BRDA:17,56,0,1
BRDA:18,57,0,3
BRDA:26,58,0,4
BRDA:45,59,0,4
BRDA:45,60,0,17
BRDA:27,61,0,4
BRDA:45,62,0,4
BRDA:29,63,0,1
BRDA:31,64,0,3
BRDA:33,65,0,2
BRDA:33,66,0,1
BRDA:45,67,0,1
BRDA:38,68,0,3
BRDA:45,69,0,3
BRDA:45,70,0,3
BRF:71
BRH:51
end_of_record
